[error] Failed to fetch Firebase Project from Studio Workspace because WORKSPACE_SLUG environment variable is empty
[error] Failed to fetch Firebase Project from Studio Workspace because WORKSPACE_SLUG environment variable is empty
[error] Failed to fetch Firebase Project from Studio Workspace because WORKSPACE_SLUG environment variable is empty
[error] Failed to fetch Firebase Project from Studio Workspace because WORKSPACE_SLUG environment variable is empty
[error] Failed to fetch Firebase Project from Studio Workspace because WORKSPACE_SLUG environment variable is empty
[error] Failed to fetch Firebase Project from Studio Workspace because WORKSPACE_SLUG environment variable is empty
[debug] [2025-09-14T12:04:22.529Z] > command requires scopes: ["email","openid","https://www.googleapis.com/auth/cloudplatformprojects.readonly","https://www.googleapis.com/auth/firebase","https://www.googleapis.com/auth/cloud-platform","https://www.googleapis.com/auth/userinfo.email"]
[error] Failed to fetch Firebase Project from Studio Workspace because WORKSPACE_SLUG environment variable is empty
[error] Failed to fetch Firebase Project from Studio Workspace because WORKSPACE_SLUG environment variable is empty
[error] Failed to fetch Firebase Project from Studio Workspace because WORKSPACE_SLUG environment variable is empty
[error] Failed to fetch Firebase Project from Studio Workspace because WORKSPACE_SLUG environment variable is empty
[debug] [2025-09-14T12:04:22.560Z] > command requires scopes: ["email","openid","https://www.googleapis.com/auth/cloudplatformprojects.readonly","https://www.googleapis.com/auth/firebase","https://www.googleapis.com/auth/cloud-platform","https://www.googleapis.com/auth/userinfo.email"]
[error] Failed to fetch Firebase Project from Studio Workspace because WORKSPACE_SLUG environment variable is empty
[error] Failed to fetch Firebase Project from Studio Workspace because WORKSPACE_SLUG environment variable is empty
[error] Failed to fetch Firebase Project from Studio Workspace because WORKSPACE_SLUG environment variable is empty
[error] Failed to fetch Firebase Project from Studio Workspace because WORKSPACE_SLUG environment variable is empty
[debug] [2025-09-14T12:04:23.163Z] > command requires scopes: ["email","openid","https://www.googleapis.com/auth/cloudplatformprojects.readonly","https://www.googleapis.com/auth/firebase","https://www.googleapis.com/auth/cloud-platform","https://www.googleapis.com/auth/userinfo.email"]
[error] Failed to fetch Firebase Project from Studio Workspace because WORKSPACE_SLUG environment variable is empty
[error] Failed to fetch Firebase Project from Studio Workspace because WORKSPACE_SLUG environment variable is empty
[debug] [2025-09-14T12:12:01.138Z] > command requires scopes: ["email","openid","https://www.googleapis.com/auth/cloudplatformprojects.readonly","https://www.googleapis.com/auth/firebase","https://www.googleapis.com/auth/cloud-platform","https://www.googleapis.com/auth/userinfo.email"]
[error] Failed to fetch Firebase Project from Studio Workspace because WORKSPACE_SLUG environment variable is empty
[error] Failed to fetch Firebase Project from Studio Workspace because WORKSPACE_SLUG environment variable is empty
[debug] [2025-09-14T12:12:20.584Z] > command requires scopes: ["email","openid","https://www.googleapis.com/auth/cloudplatformprojects.readonly","https://www.googleapis.com/auth/firebase","https://www.googleapis.com/auth/cloud-platform","https://www.googleapis.com/auth/userinfo.email"]
[debug] [2025-09-14T12:12:20.595Z] >>> [apiv2][query] POST https://auth.firebase.tools/attest [none]
[debug] [2025-09-14T12:12:20.598Z] >>> [apiv2][body] POST https://auth.firebase.tools/attest {"session_id":"9737f382-b6a4-4bb3-abf7-e977f92e97ce"}
[debug] [2025-09-14T12:12:20.973Z] <<< [apiv2][status] POST https://auth.firebase.tools/attest 200
[debug] [2025-09-14T12:12:20.973Z] <<< [apiv2][body] POST https://auth.firebase.tools/attest {"token":"g1TEwyEV0WUbcvmIErcZ1pZ-ABlSl5V1e1CVciXXiNQ"}
[error] Failed to fetch Firebase Project from Studio Workspace because WORKSPACE_SLUG environment variable is empty
[error] Failed to fetch Firebase Project from Studio Workspace because WORKSPACE_SLUG environment variable is empty
[debug] [2025-09-14T12:16:26.462Z] > command requires scopes: ["email","openid","https://www.googleapis.com/auth/cloudplatformprojects.readonly","https://www.googleapis.com/auth/firebase","https://www.googleapis.com/auth/cloud-platform","https://www.googleapis.com/auth/userinfo.email"]
[debug] [2025-09-14T12:16:26.475Z] >>> [apiv2][query] POST https://accounts.google.com/o/oauth2/token [none]
[debug] [2025-09-14T12:16:26.475Z] >>> [apiv2][body] POST https://accounts.google.com/o/oauth2/token [omitted]
[debug] [2025-09-14T12:16:26.547Z] <<< [apiv2][status] POST https://accounts.google.com/o/oauth2/token 200
[debug] [2025-09-14T12:16:26.547Z] <<< [apiv2][body] POST https://accounts.google.com/o/oauth2/token [omitted]
[error] Failed to fetch Firebase Project from Studio Workspace because WORKSPACE_SLUG environment variable is empty
[error] Failed to fetch Firebase Project from Studio Workspace because WORKSPACE_SLUG environment variable is empty
[debug] [2025-09-14T12:16:33.115Z] > command requires scopes: ["email","openid","https://www.googleapis.com/auth/cloudplatformprojects.readonly","https://www.googleapis.com/auth/firebase","https://www.googleapis.com/auth/cloud-platform","https://www.googleapis.com/auth/userinfo.email"]
[debug] [2025-09-14T12:16:33.116Z] > authorizing via signed-in user (poompipat.p@ubu.ac.th)
[debug] [2025-09-14T12:16:33.117Z] Checked if tokens are valid: true, expires at: 1757855785547
[debug] [2025-09-14T12:16:33.117Z] Checked if tokens are valid: true, expires at: 1757855785547
[debug] [2025-09-14T12:16:33.121Z] >>> [apiv2][query] GET https://firebase.googleapis.com/v1beta1/projects pageSize=1000
[debug] [2025-09-14T12:16:33.587Z] <<< [apiv2][status] GET https://firebase.googleapis.com/v1beta1/projects 200
[debug] [2025-09-14T12:16:33.587Z] <<< [apiv2][body] GET https://firebase.googleapis.com/v1beta1/projects [omitted]
[error] Failed to fetch Firebase Project from Studio Workspace because WORKSPACE_SLUG environment variable is empty
[error] Failed to fetch Firebase Project from Studio Workspace because WORKSPACE_SLUG environment variable is empty
[debug] [2025-09-14T12:19:12.486Z] > command requires scopes: ["email","openid","https://www.googleapis.com/auth/cloudplatformprojects.readonly","https://www.googleapis.com/auth/firebase","https://www.googleapis.com/auth/cloud-platform","https://www.googleapis.com/auth/userinfo.email"]
[debug] [2025-09-14T12:19:12.486Z] > authorizing via signed-in user (poompipat.p@ubu.ac.th)
[debug] [2025-09-14T12:19:12.488Z] Checked if tokens are valid: true, expires at: 1757855785547
[debug] [2025-09-14T12:19:12.488Z] Checked if tokens are valid: true, expires at: 1757855785547
[debug] [2025-09-14T12:19:12.488Z] >>> [apiv2][query] GET https://serviceusage.googleapis.com/v1/projects/poompipatweb-mark2/services/cloudresourcemanager.googleapis.com [none]
[debug] [2025-09-14T12:19:12.488Z] >>> [apiv2][(partial)header] GET https://serviceusage.googleapis.com/v1/projects/poompipatweb-mark2/services/cloudresourcemanager.googleapis.com x-goog-quota-user=projects/poompipatweb-mark2
[debug] [2025-09-14T12:19:13.581Z] <<< [apiv2][status] GET https://serviceusage.googleapis.com/v1/projects/poompipatweb-mark2/services/cloudresourcemanager.googleapis.com 403
[debug] [2025-09-14T12:19:13.581Z] <<< [apiv2][body] GET https://serviceusage.googleapis.com/v1/projects/poompipatweb-mark2/services/cloudresourcemanager.googleapis.com [omitted]
[debug] [2025-09-14T12:19:13.582Z] Unable to check that https://cloudresourcemanager.googleapis.com is enabled on poompipatweb-mark2. Calls to it will fail if it is not enabled
[debug] [2025-09-14T12:19:13.583Z] Checked if tokens are valid: true, expires at: 1757855785547
[debug] [2025-09-14T12:19:13.583Z] Checked if tokens are valid: true, expires at: 1757855785547
[debug] [2025-09-14T12:19:13.583Z] >>> [apiv2][query] GET https://cloudresourcemanager.googleapis.com/v1/projects/poompipatweb-mark2 [none]
[debug] [2025-09-14T12:19:14.485Z] <<< [apiv2][status] GET https://cloudresourcemanager.googleapis.com/v1/projects/poompipatweb-mark2 403
[debug] [2025-09-14T12:19:14.486Z] <<< [apiv2][body] GET https://cloudresourcemanager.googleapis.com/v1/projects/poompipatweb-mark2 {"error":{"code":403,"message":"The caller does not have permission","status":"PERMISSION_DENIED"}}
[debug] [2025-09-14T12:19:14.493Z] Checked if tokens are valid: true, expires at: 1757855785547
[debug] [2025-09-14T12:19:14.493Z] Checked if tokens are valid: true, expires at: 1757855785547
[debug] [2025-09-14T12:19:14.493Z] >>> [apiv2][query] POST https://cloudresourcemanager.googleapis.com/v1/projects [none]
[debug] [2025-09-14T12:19:14.493Z] >>> [apiv2][body] POST https://cloudresourcemanager.googleapis.com/v1/projects {"projectId":"poompipatweb-mark2","name":"poompipatweb-mark2"}
[debug] [2025-09-14T12:19:14.803Z] <<< [apiv2][status] POST https://cloudresourcemanager.googleapis.com/v1/projects 200
[debug] [2025-09-14T12:19:14.804Z] <<< [apiv2][body] POST https://cloudresourcemanager.googleapis.com/v1/projects {"name":"operations/create_project.global.7953308849575473030"}
[debug] [2025-09-14T12:19:14.805Z] Checked if tokens are valid: true, expires at: 1757855785547
[debug] [2025-09-14T12:19:14.806Z] Checked if tokens are valid: true, expires at: 1757855785547
[debug] [2025-09-14T12:19:14.806Z] >>> [apiv2][query] GET https://cloudresourcemanager.googleapis.com/v1/operations/create_project.global.7953308849575473030 [none]
[debug] [2025-09-14T12:19:15.595Z] <<< [apiv2][status] GET https://cloudresourcemanager.googleapis.com/v1/operations/create_project.global.7953308849575473030 200
[debug] [2025-09-14T12:19:15.595Z] <<< [apiv2][body] GET https://cloudresourcemanager.googleapis.com/v1/operations/create_project.global.7953308849575473030 {"name":"operations/create_project.global.7953308849575473030"}
[debug] [2025-09-14T12:19:16.096Z] [Project Creation Poller] Retrying task index 0
[debug] [2025-09-14T12:19:16.096Z] Checked if tokens are valid: true, expires at: 1757855785547
[debug] [2025-09-14T12:19:16.096Z] Checked if tokens are valid: true, expires at: 1757855785547
[debug] [2025-09-14T12:19:16.096Z] >>> [apiv2][query] GET https://cloudresourcemanager.googleapis.com/v1/operations/create_project.global.7953308849575473030 [none]
[debug] [2025-09-14T12:19:16.299Z] <<< [apiv2][status] GET https://cloudresourcemanager.googleapis.com/v1/operations/create_project.global.7953308849575473030 200
[debug] [2025-09-14T12:19:16.299Z] <<< [apiv2][body] GET https://cloudresourcemanager.googleapis.com/v1/operations/create_project.global.7953308849575473030 {"name":"operations/create_project.global.7953308849575473030","metadata":{"@type":"type.googleapis.com/google.cloudresourcemanager.v1.ProjectCreationStatus","gettable":true,"ready":true},"done":true,"response":{"@type":"type.googleapis.com/google.cloudresourcemanager.v1.Project","projectNumber":"85782694738","projectId":"poompipatweb-mark2","lifecycleState":"ACTIVE","name":"poompipatweb-mark2","createTime":"2025-09-14T12:19:15.635466Z","parent":{"type":"organization","id":"83075145306"}}}
[debug] [2025-09-14T12:19:16.300Z] Checked if tokens are valid: true, expires at: 1757855785547
[debug] [2025-09-14T12:19:16.300Z] Checked if tokens are valid: true, expires at: 1757855785547
[debug] [2025-09-14T12:19:16.300Z] >>> [apiv2][query] POST https://firebase.googleapis.com/v1beta1/projects/poompipatweb-mark2:addFirebase [none]
[debug] [2025-09-14T12:19:19.843Z] <<< [apiv2][status] POST https://firebase.googleapis.com/v1beta1/projects/poompipatweb-mark2:addFirebase 200
[debug] [2025-09-14T12:19:19.843Z] <<< [apiv2][body] POST https://firebase.googleapis.com/v1beta1/projects/poompipatweb-mark2:addFirebase {"name":"operations/workflows/NTg3OTA5NGEtZTIxNy00NGNiLTkwNDQtMjY2ZmE2OWJmMmYz"}
[debug] [2025-09-14T12:19:19.843Z] Checked if tokens are valid: true, expires at: 1757855785547
[debug] [2025-09-14T12:19:19.843Z] Checked if tokens are valid: true, expires at: 1757855785547
[debug] [2025-09-14T12:19:19.844Z] >>> [apiv2][query] GET https://firebase.googleapis.com/v1beta1/operations/workflows/NTg3OTA5NGEtZTIxNy00NGNiLTkwNDQtMjY2ZmE2OWJmMmYz [none]
[debug] [2025-09-14T12:19:23.758Z] <<< [apiv2][status] GET https://firebase.googleapis.com/v1beta1/operations/workflows/NTg3OTA5NGEtZTIxNy00NGNiLTkwNDQtMjY2ZmE2OWJmMmYz 200
[debug] [2025-09-14T12:19:23.760Z] <<< [apiv2][body] GET https://firebase.googleapis.com/v1beta1/operations/workflows/NTg3OTA5NGEtZTIxNy00NGNiLTkwNDQtMjY2ZmE2OWJmMmYz {"name":"operations/workflows/NTg3OTA5NGEtZTIxNy00NGNiLTkwNDQtMjY2ZmE2OWJmMmYz"}
[debug] [2025-09-14T12:19:24.260Z] [Add Firebase Poller] Retrying task index 0
[debug] [2025-09-14T12:19:24.261Z] Checked if tokens are valid: true, expires at: 1757855785547
[debug] [2025-09-14T12:19:24.261Z] Checked if tokens are valid: true, expires at: 1757855785547
[debug] [2025-09-14T12:19:24.261Z] >>> [apiv2][query] GET https://firebase.googleapis.com/v1beta1/operations/workflows/NTg3OTA5NGEtZTIxNy00NGNiLTkwNDQtMjY2ZmE2OWJmMmYz [none]
[debug] [2025-09-14T12:19:25.067Z] <<< [apiv2][status] GET https://firebase.googleapis.com/v1beta1/operations/workflows/NTg3OTA5NGEtZTIxNy00NGNiLTkwNDQtMjY2ZmE2OWJmMmYz 200
[debug] [2025-09-14T12:19:25.067Z] <<< [apiv2][body] GET https://firebase.googleapis.com/v1beta1/operations/workflows/NTg3OTA5NGEtZTIxNy00NGNiLTkwNDQtMjY2ZmE2OWJmMmYz {"name":"operations/workflows/NTg3OTA5NGEtZTIxNy00NGNiLTkwNDQtMjY2ZmE2OWJmMmYz"}
[debug] [2025-09-14T12:19:26.068Z] [Add Firebase Poller] Retrying task index 0
[debug] [2025-09-14T12:19:26.073Z] Checked if tokens are valid: true, expires at: 1757855785547
[debug] [2025-09-14T12:19:26.073Z] Checked if tokens are valid: true, expires at: 1757855785547
[debug] [2025-09-14T12:19:26.073Z] >>> [apiv2][query] GET https://firebase.googleapis.com/v1beta1/operations/workflows/NTg3OTA5NGEtZTIxNy00NGNiLTkwNDQtMjY2ZmE2OWJmMmYz [none]
[debug] [2025-09-14T12:19:26.806Z] <<< [apiv2][status] GET https://firebase.googleapis.com/v1beta1/operations/workflows/NTg3OTA5NGEtZTIxNy00NGNiLTkwNDQtMjY2ZmE2OWJmMmYz 200
[debug] [2025-09-14T12:19:26.806Z] <<< [apiv2][body] GET https://firebase.googleapis.com/v1beta1/operations/workflows/NTg3OTA5NGEtZTIxNy00NGNiLTkwNDQtMjY2ZmE2OWJmMmYz {"name":"operations/workflows/NTg3OTA5NGEtZTIxNy00NGNiLTkwNDQtMjY2ZmE2OWJmMmYz"}
[debug] [2025-09-14T12:19:28.808Z] [Add Firebase Poller] Retrying task index 0
[debug] [2025-09-14T12:19:28.810Z] Checked if tokens are valid: true, expires at: 1757855785547
[debug] [2025-09-14T12:19:28.810Z] Checked if tokens are valid: true, expires at: 1757855785547
[debug] [2025-09-14T12:19:28.810Z] >>> [apiv2][query] GET https://firebase.googleapis.com/v1beta1/operations/workflows/NTg3OTA5NGEtZTIxNy00NGNiLTkwNDQtMjY2ZmE2OWJmMmYz [none]
[debug] [2025-09-14T12:19:29.374Z] <<< [apiv2][status] GET https://firebase.googleapis.com/v1beta1/operations/workflows/NTg3OTA5NGEtZTIxNy00NGNiLTkwNDQtMjY2ZmE2OWJmMmYz 200
[debug] [2025-09-14T12:19:29.374Z] <<< [apiv2][body] GET https://firebase.googleapis.com/v1beta1/operations/workflows/NTg3OTA5NGEtZTIxNy00NGNiLTkwNDQtMjY2ZmE2OWJmMmYz {"name":"operations/workflows/NTg3OTA5NGEtZTIxNy00NGNiLTkwNDQtMjY2ZmE2OWJmMmYz"}
[debug] [2025-09-14T12:19:33.379Z] [Add Firebase Poller] Retrying task index 0
[debug] [2025-09-14T12:19:33.379Z] Checked if tokens are valid: true, expires at: 1757855785547
[debug] [2025-09-14T12:19:33.379Z] Checked if tokens are valid: true, expires at: 1757855785547
[debug] [2025-09-14T12:19:33.380Z] >>> [apiv2][query] GET https://firebase.googleapis.com/v1beta1/operations/workflows/NTg3OTA5NGEtZTIxNy00NGNiLTkwNDQtMjY2ZmE2OWJmMmYz [none]
[debug] [2025-09-14T12:19:34.103Z] <<< [apiv2][status] GET https://firebase.googleapis.com/v1beta1/operations/workflows/NTg3OTA5NGEtZTIxNy00NGNiLTkwNDQtMjY2ZmE2OWJmMmYz 200
[debug] [2025-09-14T12:19:34.103Z] <<< [apiv2][body] GET https://firebase.googleapis.com/v1beta1/operations/workflows/NTg3OTA5NGEtZTIxNy00NGNiLTkwNDQtMjY2ZmE2OWJmMmYz {"name":"operations/workflows/NTg3OTA5NGEtZTIxNy00NGNiLTkwNDQtMjY2ZmE2OWJmMmYz","done":true,"response":{"@type":"type.googleapis.com/google.firebase.service.v1beta1.FirebaseProject","projectId":"poompipatweb-mark2","projectNumber":"85782694738","displayName":"poompipatweb-mark2","name":"projects/poompipatweb-mark2","resources":{"hostingSite":"poompipatweb-mark2"}}}
[info] 
[info] 🎉🎉🎉 Your Firebase project is ready! 🎉🎉🎉
[info] 
[info] Project information:
[info]    - Project ID: poompipatweb-mark2
[info]    - Project Name: poompipatweb-mark2
[info] 
[info] Firebase console is available at
[info] https://console.firebase.google.com/project/poompipatweb-mark2/overview
[error] Failed to fetch Firebase Project from Studio Workspace because WORKSPACE_SLUG environment variable is empty
[error] Failed to fetch Firebase Project from Studio Workspace because WORKSPACE_SLUG environment variable is empty
[debug] [2025-09-14T12:19:45.332Z] > command requires scopes: ["email","openid","https://www.googleapis.com/auth/cloudplatformprojects.readonly","https://www.googleapis.com/auth/firebase","https://www.googleapis.com/auth/cloud-platform","https://www.googleapis.com/auth/userinfo.email"]
[debug] [2025-09-14T12:19:45.333Z] > authorizing via signed-in user (poompipat.p@ubu.ac.th)
[debug] [2025-09-14T12:19:45.339Z] Checked if tokens are valid: true, expires at: 1757855785547
[debug] [2025-09-14T12:19:45.339Z] Checked if tokens are valid: true, expires at: 1757855785547
[debug] [2025-09-14T12:19:45.339Z] >>> [apiv2][query] GET https://serviceusage.googleapis.com/v1/projects/poompipatweb-mark2/services/cloudresourcemanager.googleapis.com [none]
[debug] [2025-09-14T12:19:45.339Z] >>> [apiv2][(partial)header] GET https://serviceusage.googleapis.com/v1/projects/poompipatweb-mark2/services/cloudresourcemanager.googleapis.com x-goog-quota-user=projects/poompipatweb-mark2
[debug] [2025-09-14T12:19:46.905Z] <<< [apiv2][status] GET https://serviceusage.googleapis.com/v1/projects/poompipatweb-mark2/services/cloudresourcemanager.googleapis.com 200
[debug] [2025-09-14T12:19:46.905Z] <<< [apiv2][body] GET https://serviceusage.googleapis.com/v1/projects/poompipatweb-mark2/services/cloudresourcemanager.googleapis.com [omitted]
[debug] [2025-09-14T12:19:46.913Z] Checked if tokens are valid: true, expires at: 1757855785547
[debug] [2025-09-14T12:19:46.913Z] Checked if tokens are valid: true, expires at: 1757855785547
[debug] [2025-09-14T12:19:46.913Z] >>> [apiv2][query] GET https://cloudresourcemanager.googleapis.com/v1/projects/poompipatweb-mark2 [none]
[debug] [2025-09-14T12:19:48.143Z] <<< [apiv2][status] GET https://cloudresourcemanager.googleapis.com/v1/projects/poompipatweb-mark2 200
[debug] [2025-09-14T12:19:48.143Z] <<< [apiv2][body] GET https://cloudresourcemanager.googleapis.com/v1/projects/poompipatweb-mark2 {"projectNumber":"85782694738","projectId":"poompipatweb-mark2","lifecycleState":"ACTIVE","name":"poompipatweb-mark2","labels":{"firebase":"enabled","firebase-core":"disabled"},"createTime":"2025-09-14T12:19:15.635466Z","parent":{"type":"organization","id":"83075145306"}}
[info] Updating Studio Workspace active project to match Firebase CLI 'poompipatweb-mark2'
[error] Failed to update Firebase Project for Studio Workspace because WORKSPACE_SLUG environment variable is empty
[info] Now using project poompipatweb-mark2
[error] Failed to fetch Firebase Project from Studio Workspace because WORKSPACE_SLUG environment variable is empty
[error] Failed to fetch Firebase Project from Studio Workspace because WORKSPACE_SLUG environment variable is empty
[debug] [2025-09-14T12:20:39.137Z] Checked if tokens are valid: true, expires at: 1757855785547
[debug] [2025-09-14T12:20:39.137Z] Checked if tokens are valid: true, expires at: 1757855785547
[debug] [2025-09-14T12:20:39.138Z] Checked if tokens are valid: true, expires at: 1757855785547
[debug] [2025-09-14T12:20:39.138Z] Checked if tokens are valid: true, expires at: 1757855785547
[debug] [2025-09-14T12:20:39.139Z] Checked if tokens are valid: true, expires at: 1757855785547
[debug] [2025-09-14T12:20:39.139Z] Checked if tokens are valid: true, expires at: 1757855785547
[debug] [2025-09-14T12:20:39.140Z] Checked if tokens are valid: true, expires at: 1757855785547
[debug] [2025-09-14T12:20:39.140Z] Checked if tokens are valid: true, expires at: 1757855785547
[debug] [2025-09-14T12:20:39.141Z] Checked if tokens are valid: true, expires at: 1757855785547
[debug] [2025-09-14T12:20:39.141Z] Checked if tokens are valid: true, expires at: 1757855785547
[debug] [2025-09-14T12:20:39.141Z] Checked if tokens are valid: true, expires at: 1757855785547
[debug] [2025-09-14T12:20:39.143Z] Checked if tokens are valid: true, expires at: 1757855785547
[debug] [2025-09-14T12:20:39.143Z] Checked if tokens are valid: true, expires at: 1757855785547
[debug] [2025-09-14T12:20:39.144Z] Checked if tokens are valid: true, expires at: 1757855785547
[debug] [2025-09-14T12:20:39.144Z] Checked if tokens are valid: true, expires at: 1757855785547
[debug] [2025-09-14T12:20:39.144Z] Checked if tokens are valid: true, expires at: 1757855785547
[debug] [2025-09-14T12:20:39.147Z] Checked if tokens are valid: true, expires at: 1757855785547
[debug] [2025-09-14T12:20:39.147Z] Checked if tokens are valid: true, expires at: 1757855785547
[debug] [2025-09-14T12:20:39.147Z] Checked if tokens are valid: true, expires at: 1757855785547
[debug] [2025-09-14T12:20:39.148Z] Checked if tokens are valid: true, expires at: 1757855785547
[debug] [2025-09-14T12:20:39.150Z] >>> [apiv2][query] GET https://serviceusage.googleapis.com/v1/projects/poompipatweb-mark2/services/ [none]
[debug] [2025-09-14T12:20:39.150Z] >>> [apiv2][(partial)header] GET https://serviceusage.googleapis.com/v1/projects/poompipatweb-mark2/services/ x-goog-quota-user=projects/poompipatweb-mark2
[debug] [2025-09-14T12:20:39.232Z] >>> [apiv2][query] GET https://serviceusage.googleapis.com/v1/projects/poompipatweb-mark2/services/firestore.googleapis.com [none]
[debug] [2025-09-14T12:20:39.232Z] >>> [apiv2][(partial)header] GET https://serviceusage.googleapis.com/v1/projects/poompipatweb-mark2/services/firestore.googleapis.com x-goog-quota-user=projects/poompipatweb-mark2
[debug] [2025-09-14T12:20:39.236Z] >>> [apiv2][query] GET https://serviceusage.googleapis.com/v1/projects/poompipatweb-mark2/services/storage.googleapis.com [none]
[debug] [2025-09-14T12:20:39.236Z] >>> [apiv2][(partial)header] GET https://serviceusage.googleapis.com/v1/projects/poompipatweb-mark2/services/storage.googleapis.com x-goog-quota-user=projects/poompipatweb-mark2
[debug] [2025-09-14T12:20:39.239Z] >>> [apiv2][query] GET https://serviceusage.googleapis.com/v1/projects/poompipatweb-mark2/services/firebasedataconnect.googleapis.com [none]
[debug] [2025-09-14T12:20:39.239Z] >>> [apiv2][(partial)header] GET https://serviceusage.googleapis.com/v1/projects/poompipatweb-mark2/services/firebasedataconnect.googleapis.com x-goog-quota-user=projects/poompipatweb-mark2
[debug] [2025-09-14T12:20:39.241Z] >>> [apiv2][query] GET https://serviceusage.googleapis.com/v1/projects/poompipatweb-mark2/services/identitytoolkit.googleapis.com [none]
[debug] [2025-09-14T12:20:39.241Z] >>> [apiv2][(partial)header] GET https://serviceusage.googleapis.com/v1/projects/poompipatweb-mark2/services/identitytoolkit.googleapis.com x-goog-quota-user=projects/poompipatweb-mark2
[debug] [2025-09-14T12:20:39.243Z] >>> [apiv2][query] GET https://serviceusage.googleapis.com/v1/projects/poompipatweb-mark2/services/fcm.googleapis.com [none]
[debug] [2025-09-14T12:20:39.243Z] >>> [apiv2][(partial)header] GET https://serviceusage.googleapis.com/v1/projects/poompipatweb-mark2/services/fcm.googleapis.com x-goog-quota-user=projects/poompipatweb-mark2
[debug] [2025-09-14T12:20:39.246Z] >>> [apiv2][query] GET https://serviceusage.googleapis.com/v1/projects/poompipatweb-mark2/services/firebaseremoteconfig.googleapis.com [none]
[debug] [2025-09-14T12:20:39.246Z] >>> [apiv2][(partial)header] GET https://serviceusage.googleapis.com/v1/projects/poompipatweb-mark2/services/firebaseremoteconfig.googleapis.com x-goog-quota-user=projects/poompipatweb-mark2
[debug] [2025-09-14T12:20:39.248Z] >>> [apiv2][query] GET https://serviceusage.googleapis.com/v1/projects/poompipatweb-mark2/services/firebasecrashlytics.googleapis.com [none]
[debug] [2025-09-14T12:20:39.248Z] >>> [apiv2][(partial)header] GET https://serviceusage.googleapis.com/v1/projects/poompipatweb-mark2/services/firebasecrashlytics.googleapis.com x-goog-quota-user=projects/poompipatweb-mark2
[debug] [2025-09-14T12:20:39.250Z] >>> [apiv2][query] GET https://serviceusage.googleapis.com/v1/projects/poompipatweb-mark2/services/firebaseapphosting.googleapis.com [none]
[debug] [2025-09-14T12:20:39.250Z] >>> [apiv2][(partial)header] GET https://serviceusage.googleapis.com/v1/projects/poompipatweb-mark2/services/firebaseapphosting.googleapis.com x-goog-quota-user=projects/poompipatweb-mark2
[debug] [2025-09-14T12:20:39.252Z] >>> [apiv2][query] GET https://serviceusage.googleapis.com/v1/projects/poompipatweb-mark2/services/firebaseio.com [none]
[debug] [2025-09-14T12:20:39.253Z] >>> [apiv2][(partial)header] GET https://serviceusage.googleapis.com/v1/projects/poompipatweb-mark2/services/firebaseio.com x-goog-quota-user=projects/poompipatweb-mark2
[error] Failed to fetch Firebase Project from Studio Workspace because WORKSPACE_SLUG environment variable is empty
[error] Failed to fetch Firebase Project from Studio Workspace because WORKSPACE_SLUG environment variable is empty
[debug] [2025-09-14T12:20:39.431Z] Checked if tokens are valid: true, expires at: 1757855785547
[debug] [2025-09-14T12:20:39.431Z] Checked if tokens are valid: true, expires at: 1757855785547
[debug] [2025-09-14T12:20:39.431Z] Checked if tokens are valid: true, expires at: 1757855785547
[debug] [2025-09-14T12:20:39.432Z] Checked if tokens are valid: true, expires at: 1757855785547
[debug] [2025-09-14T12:20:39.432Z] Checked if tokens are valid: true, expires at: 1757855785547
[debug] [2025-09-14T12:20:39.432Z] Checked if tokens are valid: true, expires at: 1757855785547
[debug] [2025-09-14T12:20:39.433Z] Checked if tokens are valid: true, expires at: 1757855785547
[debug] [2025-09-14T12:20:39.437Z] Checked if tokens are valid: true, expires at: 1757855785547
[debug] [2025-09-14T12:20:39.437Z] Checked if tokens are valid: true, expires at: 1757855785547
[debug] [2025-09-14T12:20:39.437Z] Checked if tokens are valid: true, expires at: 1757855785547
[debug] [2025-09-14T12:20:39.438Z] Checked if tokens are valid: true, expires at: 1757855785547
[debug] [2025-09-14T12:20:39.438Z] Checked if tokens are valid: true, expires at: 1757855785547
[debug] [2025-09-14T12:20:39.438Z] Checked if tokens are valid: true, expires at: 1757855785547
[debug] [2025-09-14T12:20:39.438Z] Checked if tokens are valid: true, expires at: 1757855785547
[debug] [2025-09-14T12:20:39.438Z] Checked if tokens are valid: true, expires at: 1757855785547
[debug] [2025-09-14T12:20:39.441Z] Checked if tokens are valid: true, expires at: 1757855785547
[debug] [2025-09-14T12:20:39.441Z] Checked if tokens are valid: true, expires at: 1757855785547
[debug] [2025-09-14T12:20:39.441Z] Checked if tokens are valid: true, expires at: 1757855785547
[debug] [2025-09-14T12:20:39.441Z] Checked if tokens are valid: true, expires at: 1757855785547
[debug] [2025-09-14T12:20:39.441Z] Checked if tokens are valid: true, expires at: 1757855785547
[debug] [2025-09-14T12:20:39.442Z] >>> [apiv2][query] GET https://serviceusage.googleapis.com/v1/projects/poompipatweb-mark2/services/ [none]
[debug] [2025-09-14T12:20:39.442Z] >>> [apiv2][(partial)header] GET https://serviceusage.googleapis.com/v1/projects/poompipatweb-mark2/services/ x-goog-quota-user=projects/poompipatweb-mark2
[debug] [2025-09-14T12:20:39.446Z] >>> [apiv2][query] GET https://serviceusage.googleapis.com/v1/projects/poompipatweb-mark2/services/firestore.googleapis.com [none]
[debug] [2025-09-14T12:20:39.446Z] >>> [apiv2][(partial)header] GET https://serviceusage.googleapis.com/v1/projects/poompipatweb-mark2/services/firestore.googleapis.com x-goog-quota-user=projects/poompipatweb-mark2
[debug] [2025-09-14T12:20:39.449Z] >>> [apiv2][query] GET https://serviceusage.googleapis.com/v1/projects/poompipatweb-mark2/services/storage.googleapis.com [none]
[debug] [2025-09-14T12:20:39.449Z] >>> [apiv2][(partial)header] GET https://serviceusage.googleapis.com/v1/projects/poompipatweb-mark2/services/storage.googleapis.com x-goog-quota-user=projects/poompipatweb-mark2
[debug] [2025-09-14T12:20:39.452Z] >>> [apiv2][query] GET https://serviceusage.googleapis.com/v1/projects/poompipatweb-mark2/services/firebasedataconnect.googleapis.com [none]
[debug] [2025-09-14T12:20:39.452Z] >>> [apiv2][(partial)header] GET https://serviceusage.googleapis.com/v1/projects/poompipatweb-mark2/services/firebasedataconnect.googleapis.com x-goog-quota-user=projects/poompipatweb-mark2
[debug] [2025-09-14T12:20:39.456Z] >>> [apiv2][query] GET https://serviceusage.googleapis.com/v1/projects/poompipatweb-mark2/services/identitytoolkit.googleapis.com [none]
[debug] [2025-09-14T12:20:39.456Z] >>> [apiv2][(partial)header] GET https://serviceusage.googleapis.com/v1/projects/poompipatweb-mark2/services/identitytoolkit.googleapis.com x-goog-quota-user=projects/poompipatweb-mark2
[debug] [2025-09-14T12:20:39.460Z] >>> [apiv2][query] GET https://serviceusage.googleapis.com/v1/projects/poompipatweb-mark2/services/fcm.googleapis.com [none]
[debug] [2025-09-14T12:20:39.460Z] >>> [apiv2][(partial)header] GET https://serviceusage.googleapis.com/v1/projects/poompipatweb-mark2/services/fcm.googleapis.com x-goog-quota-user=projects/poompipatweb-mark2
[debug] [2025-09-14T12:20:39.463Z] >>> [apiv2][query] GET https://serviceusage.googleapis.com/v1/projects/poompipatweb-mark2/services/firebaseremoteconfig.googleapis.com [none]
[debug] [2025-09-14T12:20:39.463Z] >>> [apiv2][(partial)header] GET https://serviceusage.googleapis.com/v1/projects/poompipatweb-mark2/services/firebaseremoteconfig.googleapis.com x-goog-quota-user=projects/poompipatweb-mark2
[debug] [2025-09-14T12:20:39.465Z] >>> [apiv2][query] GET https://serviceusage.googleapis.com/v1/projects/poompipatweb-mark2/services/firebasecrashlytics.googleapis.com [none]
[debug] [2025-09-14T12:20:39.466Z] >>> [apiv2][(partial)header] GET https://serviceusage.googleapis.com/v1/projects/poompipatweb-mark2/services/firebasecrashlytics.googleapis.com x-goog-quota-user=projects/poompipatweb-mark2
[debug] [2025-09-14T12:20:39.467Z] >>> [apiv2][query] GET https://serviceusage.googleapis.com/v1/projects/poompipatweb-mark2/services/firebaseapphosting.googleapis.com [none]
[debug] [2025-09-14T12:20:39.467Z] >>> [apiv2][(partial)header] GET https://serviceusage.googleapis.com/v1/projects/poompipatweb-mark2/services/firebaseapphosting.googleapis.com x-goog-quota-user=projects/poompipatweb-mark2
[debug] [2025-09-14T12:20:39.470Z] >>> [apiv2][query] GET https://serviceusage.googleapis.com/v1/projects/poompipatweb-mark2/services/firebaseio.com [none]
[debug] [2025-09-14T12:20:39.470Z] >>> [apiv2][(partial)header] GET https://serviceusage.googleapis.com/v1/projects/poompipatweb-mark2/services/firebaseio.com x-goog-quota-user=projects/poompipatweb-mark2
[error] Failed to fetch Firebase Project from Studio Workspace because WORKSPACE_SLUG environment variable is empty
[error] Failed to fetch Firebase Project from Studio Workspace because WORKSPACE_SLUG environment variable is empty
[debug] [2025-09-14T12:20:40.305Z] Checked if tokens are valid: true, expires at: 1757855785547
[debug] [2025-09-14T12:20:40.305Z] Checked if tokens are valid: true, expires at: 1757855785547
[debug] [2025-09-14T12:20:40.305Z] Checked if tokens are valid: true, expires at: 1757855785547
[debug] [2025-09-14T12:20:40.305Z] Checked if tokens are valid: true, expires at: 1757855785547
[debug] [2025-09-14T12:20:40.311Z] Checked if tokens are valid: true, expires at: 1757855785547
[debug] [2025-09-14T12:20:40.311Z] Checked if tokens are valid: true, expires at: 1757855785547
[debug] [2025-09-14T12:20:40.311Z] Checked if tokens are valid: true, expires at: 1757855785547
[debug] [2025-09-14T12:20:40.311Z] Checked if tokens are valid: true, expires at: 1757855785547
[debug] [2025-09-14T12:20:40.311Z] Checked if tokens are valid: true, expires at: 1757855785547
[debug] [2025-09-14T12:20:40.311Z] Checked if tokens are valid: true, expires at: 1757855785547
[debug] [2025-09-14T12:20:40.312Z] Checked if tokens are valid: true, expires at: 1757855785547
[debug] [2025-09-14T12:20:40.312Z] Checked if tokens are valid: true, expires at: 1757855785547
[debug] [2025-09-14T12:20:40.312Z] Checked if tokens are valid: true, expires at: 1757855785547
[debug] [2025-09-14T12:20:40.312Z] Checked if tokens are valid: true, expires at: 1757855785547
[debug] [2025-09-14T12:20:40.312Z] Checked if tokens are valid: true, expires at: 1757855785547
[debug] [2025-09-14T12:20:40.312Z] Checked if tokens are valid: true, expires at: 1757855785547
[debug] [2025-09-14T12:20:40.312Z] Checked if tokens are valid: true, expires at: 1757855785547
[debug] [2025-09-14T12:20:40.313Z] Checked if tokens are valid: true, expires at: 1757855785547
[debug] [2025-09-14T12:20:40.313Z] Checked if tokens are valid: true, expires at: 1757855785547
[debug] [2025-09-14T12:20:40.313Z] Checked if tokens are valid: true, expires at: 1757855785547
[debug] [2025-09-14T12:20:40.313Z] >>> [apiv2][query] GET https://serviceusage.googleapis.com/v1/projects/poompipatweb-mark2/services/ [none]
[debug] [2025-09-14T12:20:40.313Z] >>> [apiv2][(partial)header] GET https://serviceusage.googleapis.com/v1/projects/poompipatweb-mark2/services/ x-goog-quota-user=projects/poompipatweb-mark2
[debug] [2025-09-14T12:20:40.316Z] >>> [apiv2][query] GET https://serviceusage.googleapis.com/v1/projects/poompipatweb-mark2/services/firestore.googleapis.com [none]
[debug] [2025-09-14T12:20:40.316Z] >>> [apiv2][(partial)header] GET https://serviceusage.googleapis.com/v1/projects/poompipatweb-mark2/services/firestore.googleapis.com x-goog-quota-user=projects/poompipatweb-mark2
[debug] [2025-09-14T12:20:40.318Z] >>> [apiv2][query] GET https://serviceusage.googleapis.com/v1/projects/poompipatweb-mark2/services/storage.googleapis.com [none]
[debug] [2025-09-14T12:20:40.318Z] >>> [apiv2][(partial)header] GET https://serviceusage.googleapis.com/v1/projects/poompipatweb-mark2/services/storage.googleapis.com x-goog-quota-user=projects/poompipatweb-mark2
[debug] [2025-09-14T12:20:40.320Z] >>> [apiv2][query] GET https://serviceusage.googleapis.com/v1/projects/poompipatweb-mark2/services/firebasedataconnect.googleapis.com [none]
[debug] [2025-09-14T12:20:40.320Z] >>> [apiv2][(partial)header] GET https://serviceusage.googleapis.com/v1/projects/poompipatweb-mark2/services/firebasedataconnect.googleapis.com x-goog-quota-user=projects/poompipatweb-mark2
[debug] [2025-09-14T12:20:40.321Z] >>> [apiv2][query] GET https://serviceusage.googleapis.com/v1/projects/poompipatweb-mark2/services/identitytoolkit.googleapis.com [none]
[debug] [2025-09-14T12:20:40.322Z] >>> [apiv2][(partial)header] GET https://serviceusage.googleapis.com/v1/projects/poompipatweb-mark2/services/identitytoolkit.googleapis.com x-goog-quota-user=projects/poompipatweb-mark2
[debug] [2025-09-14T12:20:40.324Z] >>> [apiv2][query] GET https://serviceusage.googleapis.com/v1/projects/poompipatweb-mark2/services/fcm.googleapis.com [none]
[debug] [2025-09-14T12:20:40.324Z] >>> [apiv2][(partial)header] GET https://serviceusage.googleapis.com/v1/projects/poompipatweb-mark2/services/fcm.googleapis.com x-goog-quota-user=projects/poompipatweb-mark2
[debug] [2025-09-14T12:20:40.325Z] >>> [apiv2][query] GET https://serviceusage.googleapis.com/v1/projects/poompipatweb-mark2/services/firebaseremoteconfig.googleapis.com [none]
[debug] [2025-09-14T12:20:40.326Z] >>> [apiv2][(partial)header] GET https://serviceusage.googleapis.com/v1/projects/poompipatweb-mark2/services/firebaseremoteconfig.googleapis.com x-goog-quota-user=projects/poompipatweb-mark2
[debug] [2025-09-14T12:20:40.327Z] >>> [apiv2][query] GET https://serviceusage.googleapis.com/v1/projects/poompipatweb-mark2/services/firebasecrashlytics.googleapis.com [none]
[debug] [2025-09-14T12:20:40.328Z] >>> [apiv2][(partial)header] GET https://serviceusage.googleapis.com/v1/projects/poompipatweb-mark2/services/firebasecrashlytics.googleapis.com x-goog-quota-user=projects/poompipatweb-mark2
[debug] [2025-09-14T12:20:40.329Z] >>> [apiv2][query] GET https://serviceusage.googleapis.com/v1/projects/poompipatweb-mark2/services/firebaseapphosting.googleapis.com [none]
[debug] [2025-09-14T12:20:40.329Z] >>> [apiv2][(partial)header] GET https://serviceusage.googleapis.com/v1/projects/poompipatweb-mark2/services/firebaseapphosting.googleapis.com x-goog-quota-user=projects/poompipatweb-mark2
[debug] [2025-09-14T12:20:40.331Z] >>> [apiv2][query] GET https://serviceusage.googleapis.com/v1/projects/poompipatweb-mark2/services/firebaseio.com [none]
[debug] [2025-09-14T12:20:40.331Z] >>> [apiv2][(partial)header] GET https://serviceusage.googleapis.com/v1/projects/poompipatweb-mark2/services/firebaseio.com x-goog-quota-user=projects/poompipatweb-mark2
[debug] [2025-09-14T12:20:40.453Z] <<< [apiv2][status] GET https://serviceusage.googleapis.com/v1/projects/poompipatweb-mark2/services/firebaseio.com 403
[debug] [2025-09-14T12:20:40.453Z] <<< [apiv2][body] GET https://serviceusage.googleapis.com/v1/projects/poompipatweb-mark2/services/firebaseio.com [omitted]
[debug] [2025-09-14T12:20:40.554Z] <<< [apiv2][status] GET https://serviceusage.googleapis.com/v1/projects/poompipatweb-mark2/services/firebaseio.com 403
[debug] [2025-09-14T12:20:40.554Z] <<< [apiv2][body] GET https://serviceusage.googleapis.com/v1/projects/poompipatweb-mark2/services/firebaseio.com [omitted]
[debug] [2025-09-14T12:20:40.655Z] <<< [apiv2][status] GET https://serviceusage.googleapis.com/v1/projects/poompipatweb-mark2/services/firebasecrashlytics.googleapis.com 200
[debug] [2025-09-14T12:20:40.656Z] <<< [apiv2][body] GET https://serviceusage.googleapis.com/v1/projects/poompipatweb-mark2/services/firebasecrashlytics.googleapis.com [omitted]
[debug] [2025-09-14T12:20:40.684Z] <<< [apiv2][status] GET https://serviceusage.googleapis.com/v1/projects/poompipatweb-mark2/services/firebasedataconnect.googleapis.com 200
[debug] [2025-09-14T12:20:40.686Z] <<< [apiv2][body] GET https://serviceusage.googleapis.com/v1/projects/poompipatweb-mark2/services/firebasedataconnect.googleapis.com [omitted]
[debug] [2025-09-14T12:20:40.690Z] <<< [apiv2][status] GET https://serviceusage.googleapis.com/v1/projects/poompipatweb-mark2/services/identitytoolkit.googleapis.com 200
[debug] [2025-09-14T12:20:40.690Z] <<< [apiv2][body] GET https://serviceusage.googleapis.com/v1/projects/poompipatweb-mark2/services/identitytoolkit.googleapis.com [omitted]
[debug] [2025-09-14T12:20:40.703Z] <<< [apiv2][status] GET https://serviceusage.googleapis.com/v1/projects/poompipatweb-mark2/services/firestore.googleapis.com 200
[debug] [2025-09-14T12:20:40.703Z] <<< [apiv2][body] GET https://serviceusage.googleapis.com/v1/projects/poompipatweb-mark2/services/firestore.googleapis.com [omitted]
[debug] [2025-09-14T12:20:40.707Z] <<< [apiv2][status] GET https://serviceusage.googleapis.com/v1/projects/poompipatweb-mark2/services/firebaseapphosting.googleapis.com 200
[debug] [2025-09-14T12:20:40.707Z] <<< [apiv2][body] GET https://serviceusage.googleapis.com/v1/projects/poompipatweb-mark2/services/firebaseapphosting.googleapis.com [omitted]
[debug] [2025-09-14T12:20:40.712Z] <<< [apiv2][status] GET https://serviceusage.googleapis.com/v1/projects/poompipatweb-mark2/services/firestore.googleapis.com 200
[debug] [2025-09-14T12:20:40.712Z] <<< [apiv2][body] GET https://serviceusage.googleapis.com/v1/projects/poompipatweb-mark2/services/firestore.googleapis.com [omitted]
[debug] [2025-09-14T12:20:40.716Z] <<< [apiv2][status] GET https://serviceusage.googleapis.com/v1/projects/poompipatweb-mark2/services/fcm.googleapis.com 200
[debug] [2025-09-14T12:20:40.716Z] <<< [apiv2][body] GET https://serviceusage.googleapis.com/v1/projects/poompipatweb-mark2/services/fcm.googleapis.com [omitted]
[debug] [2025-09-14T12:20:40.724Z] <<< [apiv2][status] GET https://serviceusage.googleapis.com/v1/projects/poompipatweb-mark2/services/firebaseapphosting.googleapis.com 200
[debug] [2025-09-14T12:20:40.724Z] <<< [apiv2][body] GET https://serviceusage.googleapis.com/v1/projects/poompipatweb-mark2/services/firebaseapphosting.googleapis.com [omitted]
[debug] [2025-09-14T12:20:40.724Z] <<< [apiv2][status] GET https://serviceusage.googleapis.com/v1/projects/poompipatweb-mark2/services/firebaseremoteconfig.googleapis.com 200
[debug] [2025-09-14T12:20:40.724Z] <<< [apiv2][body] GET https://serviceusage.googleapis.com/v1/projects/poompipatweb-mark2/services/firebaseremoteconfig.googleapis.com [omitted]
[debug] [2025-09-14T12:20:40.729Z] <<< [apiv2][status] GET https://serviceusage.googleapis.com/v1/projects/poompipatweb-mark2/services/identitytoolkit.googleapis.com 200
[debug] [2025-09-14T12:20:40.729Z] <<< [apiv2][body] GET https://serviceusage.googleapis.com/v1/projects/poompipatweb-mark2/services/identitytoolkit.googleapis.com [omitted]
[debug] [2025-09-14T12:20:40.736Z] <<< [apiv2][status] GET https://serviceusage.googleapis.com/v1/projects/poompipatweb-mark2/services/storage.googleapis.com 200
[debug] [2025-09-14T12:20:40.736Z] <<< [apiv2][body] GET https://serviceusage.googleapis.com/v1/projects/poompipatweb-mark2/services/storage.googleapis.com [omitted]
[debug] [2025-09-14T12:20:40.752Z] <<< [apiv2][status] GET https://serviceusage.googleapis.com/v1/projects/poompipatweb-mark2/services/firebasedataconnect.googleapis.com 200
[debug] [2025-09-14T12:20:40.752Z] <<< [apiv2][body] GET https://serviceusage.googleapis.com/v1/projects/poompipatweb-mark2/services/firebasedataconnect.googleapis.com [omitted]
[debug] [2025-09-14T12:20:40.754Z] <<< [apiv2][status] GET https://serviceusage.googleapis.com/v1/projects/poompipatweb-mark2/services/firebaseremoteconfig.googleapis.com 200
[debug] [2025-09-14T12:20:40.754Z] <<< [apiv2][body] GET https://serviceusage.googleapis.com/v1/projects/poompipatweb-mark2/services/firebaseremoteconfig.googleapis.com [omitted]
[debug] [2025-09-14T12:20:40.777Z] <<< [apiv2][status] GET https://serviceusage.googleapis.com/v1/projects/poompipatweb-mark2/services/fcm.googleapis.com 200
[debug] [2025-09-14T12:20:40.777Z] <<< [apiv2][body] GET https://serviceusage.googleapis.com/v1/projects/poompipatweb-mark2/services/fcm.googleapis.com [omitted]
[debug] [2025-09-14T12:20:40.789Z] <<< [apiv2][status] GET https://serviceusage.googleapis.com/v1/projects/poompipatweb-mark2/services/storage.googleapis.com 200
[debug] [2025-09-14T12:20:40.789Z] <<< [apiv2][body] GET https://serviceusage.googleapis.com/v1/projects/poompipatweb-mark2/services/storage.googleapis.com [omitted]
[debug] [2025-09-14T12:20:40.800Z] <<< [apiv2][status] GET https://serviceusage.googleapis.com/v1/projects/poompipatweb-mark2/services/firebasecrashlytics.googleapis.com 200
[debug] [2025-09-14T12:20:40.801Z] <<< [apiv2][body] GET https://serviceusage.googleapis.com/v1/projects/poompipatweb-mark2/services/firebasecrashlytics.googleapis.com [omitted]
[debug] [2025-09-14T12:20:40.808Z] <<< [apiv2][status] GET https://serviceusage.googleapis.com/v1/projects/poompipatweb-mark2/services/ 200
[debug] [2025-09-14T12:20:40.808Z] <<< [apiv2][body] GET https://serviceusage.googleapis.com/v1/projects/poompipatweb-mark2/services/ [omitted]
[debug] [2025-09-14T12:20:40.911Z] <<< [apiv2][status] GET https://serviceusage.googleapis.com/v1/projects/poompipatweb-mark2/services/ 200
[debug] [2025-09-14T12:20:40.915Z] <<< [apiv2][body] GET https://serviceusage.googleapis.com/v1/projects/poompipatweb-mark2/services/ [omitted]
[error] Failed to fetch Firebase Project from Studio Workspace because WORKSPACE_SLUG environment variable is empty
[error] Failed to fetch Firebase Project from Studio Workspace because WORKSPACE_SLUG environment variable is empty
[debug] [2025-09-14T12:20:40.924Z] > command requires scopes: ["email","openid","https://www.googleapis.com/auth/cloudplatformprojects.readonly","https://www.googleapis.com/auth/firebase","https://www.googleapis.com/auth/cloud-platform","https://www.googleapis.com/auth/userinfo.email"]
[debug] [2025-09-14T12:20:40.925Z] > authorizing via signed-in user (poompipat.p@ubu.ac.th)
[error] Failed to fetch Firebase Project from Studio Workspace because WORKSPACE_SLUG environment variable is empty
[error] Failed to fetch Firebase Project from Studio Workspace because WORKSPACE_SLUG environment variable is empty
[debug] [2025-09-14T12:20:40.939Z] > command requires scopes: ["email","openid","https://www.googleapis.com/auth/cloudplatformprojects.readonly","https://www.googleapis.com/auth/firebase","https://www.googleapis.com/auth/cloud-platform","https://www.googleapis.com/auth/userinfo.email"]
[debug] [2025-09-14T12:20:40.939Z] > authorizing via signed-in user (poompipat.p@ubu.ac.th)
[debug] [2025-09-14T12:20:41.451Z] <<< [apiv2][status] GET https://serviceusage.googleapis.com/v1/projects/poompipatweb-mark2/services/firebaseio.com 403
[debug] [2025-09-14T12:20:41.451Z] <<< [apiv2][body] GET https://serviceusage.googleapis.com/v1/projects/poompipatweb-mark2/services/firebaseio.com [omitted]
[debug] [2025-09-14T12:20:41.488Z] <<< [apiv2][status] GET https://serviceusage.googleapis.com/v1/projects/poompipatweb-mark2/services/firebasecrashlytics.googleapis.com 200
[debug] [2025-09-14T12:20:41.488Z] <<< [apiv2][body] GET https://serviceusage.googleapis.com/v1/projects/poompipatweb-mark2/services/firebasecrashlytics.googleapis.com [omitted]
[debug] [2025-09-14T12:20:41.500Z] <<< [apiv2][status] GET https://serviceusage.googleapis.com/v1/projects/poompipatweb-mark2/services/storage.googleapis.com 200
[debug] [2025-09-14T12:20:41.501Z] <<< [apiv2][body] GET https://serviceusage.googleapis.com/v1/projects/poompipatweb-mark2/services/storage.googleapis.com [omitted]
[debug] [2025-09-14T12:20:41.509Z] <<< [apiv2][status] GET https://serviceusage.googleapis.com/v1/projects/poompipatweb-mark2/services/firebaseapphosting.googleapis.com 200
[debug] [2025-09-14T12:20:41.509Z] <<< [apiv2][body] GET https://serviceusage.googleapis.com/v1/projects/poompipatweb-mark2/services/firebaseapphosting.googleapis.com [omitted]
[debug] [2025-09-14T12:20:41.512Z] <<< [apiv2][status] GET https://serviceusage.googleapis.com/v1/projects/poompipatweb-mark2/services/firebaseremoteconfig.googleapis.com 200
[debug] [2025-09-14T12:20:41.512Z] <<< [apiv2][body] GET https://serviceusage.googleapis.com/v1/projects/poompipatweb-mark2/services/firebaseremoteconfig.googleapis.com [omitted]
[debug] [2025-09-14T12:20:41.518Z] <<< [apiv2][status] GET https://serviceusage.googleapis.com/v1/projects/poompipatweb-mark2/services/firebasedataconnect.googleapis.com 200
[debug] [2025-09-14T12:20:41.518Z] <<< [apiv2][body] GET https://serviceusage.googleapis.com/v1/projects/poompipatweb-mark2/services/firebasedataconnect.googleapis.com [omitted]
[debug] [2025-09-14T12:20:41.518Z] <<< [apiv2][status] GET https://serviceusage.googleapis.com/v1/projects/poompipatweb-mark2/services/identitytoolkit.googleapis.com 200
[debug] [2025-09-14T12:20:41.518Z] <<< [apiv2][body] GET https://serviceusage.googleapis.com/v1/projects/poompipatweb-mark2/services/identitytoolkit.googleapis.com [omitted]
[debug] [2025-09-14T12:20:41.523Z] <<< [apiv2][status] GET https://serviceusage.googleapis.com/v1/projects/poompipatweb-mark2/services/fcm.googleapis.com 200
[debug] [2025-09-14T12:20:41.523Z] <<< [apiv2][body] GET https://serviceusage.googleapis.com/v1/projects/poompipatweb-mark2/services/fcm.googleapis.com [omitted]
[debug] [2025-09-14T12:20:41.532Z] <<< [apiv2][status] GET https://serviceusage.googleapis.com/v1/projects/poompipatweb-mark2/services/firestore.googleapis.com 200
[debug] [2025-09-14T12:20:41.533Z] <<< [apiv2][body] GET https://serviceusage.googleapis.com/v1/projects/poompipatweb-mark2/services/firestore.googleapis.com [omitted]
[debug] [2025-09-14T12:20:41.798Z] <<< [apiv2][status] GET https://serviceusage.googleapis.com/v1/projects/poompipatweb-mark2/services/ 200
[debug] [2025-09-14T12:20:41.798Z] <<< [apiv2][body] GET https://serviceusage.googleapis.com/v1/projects/poompipatweb-mark2/services/ [omitted]
[error] Failed to fetch Firebase Project from Studio Workspace because WORKSPACE_SLUG environment variable is empty
[error] Failed to fetch Firebase Project from Studio Workspace because WORKSPACE_SLUG environment variable is empty
[debug] [2025-09-14T12:20:41.800Z] > command requires scopes: ["email","openid","https://www.googleapis.com/auth/cloudplatformprojects.readonly","https://www.googleapis.com/auth/firebase","https://www.googleapis.com/auth/cloud-platform","https://www.googleapis.com/auth/userinfo.email"]
[debug] [2025-09-14T12:20:41.801Z] > authorizing via signed-in user (poompipat.p@ubu.ac.th)
